<?xml version="1.0" encoding="UTF-8"?>
<testng-results skipped="0" failed="2" ignored="0" total="4" passed="2">
  <reporter-output>
  </reporter-output>
  <suite name="Default suite" duration-ms="51547" started-at="2021-12-07T14:55:58Z" finished-at="2021-12-07T14:56:49Z">
    <groups>
    </groups>
    <test name="Default test" duration-ms="51547" started-at="2021-12-07T14:55:58Z" finished-at="2021-12-07T14:56:49Z">
      <class name="org.testng.Testing">
        <test-method status="PASS" signature="launchingChrome()[pri:0, instance:org.testng.Testing@4dfa3a9d]" name="launchingChrome" is-config="true" duration-ms="12418" started-at="2021-12-07T14:55:58Z" finished-at="2021-12-07T14:56:10Z">
          <reporter-output>
          </reporter-output>
        </test-method> <!-- launchingChrome -->
        <test-method status="PASS" signature="startTime()[pri:0, instance:org.testng.Testing@4dfa3a9d]" name="startTime" is-config="true" duration-ms="8" started-at="2021-12-07T14:56:10Z" finished-at="2021-12-07T14:56:10Z">
          <reporter-output>
          </reporter-output>
        </test-method> <!-- startTime -->
        <test-method status="PASS" signature="tcs1(java.lang.String, java.lang.String)[pri:0, instance:org.testng.Testing@4dfa3a9d]" name="tcs1" duration-ms="4709" started-at="2021-12-07T14:56:10Z" data-provider="CollectionData" finished-at="2021-12-07T14:56:15Z">
          <params>
            <param index="0">
              <value>
                <![CDATA[9344117606]]>
              </value>
            </param>
            <param index="1">
              <value>
                <![CDATA[9344117606]]>
              </value>
            </param>
          </params>
          <reporter-output>
          </reporter-output>
        </test-method> <!-- tcs1 -->
        <test-method status="PASS" signature="endTime()[pri:0, instance:org.testng.Testing@4dfa3a9d]" name="endTime" is-config="true" duration-ms="0" started-at="2021-12-07T14:56:15Z" finished-at="2021-12-07T14:56:15Z">
          <reporter-output>
          </reporter-output>
        </test-method> <!-- endTime -->
        <test-method status="PASS" signature="startTime()[pri:0, instance:org.testng.Testing@4dfa3a9d]" name="startTime" is-config="true" duration-ms="0" started-at="2021-12-07T14:56:15Z" finished-at="2021-12-07T14:56:15Z">
          <reporter-output>
          </reporter-output>
        </test-method> <!-- startTime -->
        <test-method status="PASS" signature="tcs1(java.lang.String, java.lang.String)[pri:0, instance:org.testng.Testing@4dfa3a9d]" name="tcs1" duration-ms="14526" started-at="2021-12-07T14:56:15Z" data-provider="CollectionData" finished-at="2021-12-07T14:56:29Z">
          <params>
            <param index="0">
              <value>
                <![CDATA[9994063012]]>
              </value>
            </param>
            <param index="1">
              <value>
                <![CDATA[9994068517]]>
              </value>
            </param>
          </params>
          <reporter-output>
          </reporter-output>
        </test-method> <!-- tcs1 -->
        <test-method status="PASS" signature="endTime()[pri:0, instance:org.testng.Testing@4dfa3a9d]" name="endTime" is-config="true" duration-ms="0" started-at="2021-12-07T14:56:29Z" finished-at="2021-12-07T14:56:29Z">
          <reporter-output>
          </reporter-output>
        </test-method> <!-- endTime -->
        <test-method status="PASS" signature="startTime()[pri:0, instance:org.testng.Testing@4dfa3a9d]" name="startTime" is-config="true" duration-ms="8" started-at="2021-12-07T14:56:29Z" finished-at="2021-12-07T14:56:29Z">
          <reporter-output>
          </reporter-output>
        </test-method> <!-- startTime -->
        <test-method status="FAIL" signature="tcs1(java.lang.String, java.lang.String)[pri:0, instance:org.testng.Testing@4dfa3a9d]" name="tcs1" duration-ms="15671" started-at="2021-12-07T14:56:29Z" data-provider="CollectionData" finished-at="2021-12-07T14:56:45Z">
          <params>
            <param index="0">
              <value>
                <![CDATA[Yuvakumar]]>
              </value>
            </param>
            <param index="1">
              <value>
                <![CDATA[karthi@123]]>
              </value>
            </param>
          </params>
          <exception class="org.openqa.selenium.NoSuchElementException">
            <message>
              <![CDATA[Cannot locate an element using By.chained({By.id: email,By.xpath: //input[@type='text']})
For documentation on this error, please visit: https://www.seleniumhq.org/exceptions/no_such_element.html
Build info: version: '3.141.59', revision: 'e82be7d358', time: '2018-11-14T08:17:03'
System info: host: 'LENOVO', ip: '192.168.27.193', os.name: 'Windows 10', os.arch: 'amd64', os.version: '10.0', java.version: '1.8.0_301'
Driver info: driver.version: RemoteWebDriver]]>
            </message>
            <full-stacktrace>
              <![CDATA[org.openqa.selenium.NoSuchElementException: Cannot locate an element using By.chained({By.id: email,By.xpath: //input[@type='text']})
For documentation on this error, please visit: https://www.seleniumhq.org/exceptions/no_such_element.html
Build info: version: '3.141.59', revision: 'e82be7d358', time: '2018-11-14T08:17:03'
System info: host: 'LENOVO', ip: '192.168.27.193', os.name: 'Windows 10', os.arch: 'amd64', os.version: '10.0', java.version: '1.8.0_301'
Driver info: driver.version: RemoteWebDriver
at org.openqa.selenium.support.pagefactory.ByChained.findElement(ByChained.java:54)
at org.openqa.selenium.remote.RemoteWebDriver.findElement(RemoteWebDriver.java:315)
at org.openqa.selenium.support.pagefactory.DefaultElementLocator.findElement(DefaultElementLocator.java:69)
at org.openqa.selenium.support.pagefactory.internal.LocatingElementHandler.invoke(LocatingElementHandler.java:38)
at com.sun.proxy.$Proxy13.sendKeys(Unknown Source)
at org.utilities.BaseClass.passValue(BaseClass.java:81)
at org.testng.Testing.tcs1(Testing.java:49)
at sun.reflect.NativeMethodAccessorImpl.invoke0(Native Method)
at sun.reflect.NativeMethodAccessorImpl.invoke(Unknown Source)
at sun.reflect.DelegatingMethodAccessorImpl.invoke(Unknown Source)
at java.lang.reflect.Method.invoke(Unknown Source)
at org.testng.internal.MethodInvocationHelper.invokeMethod(MethodInvocationHelper.java:124)
at org.testng.internal.Invoker.invokeMethod(Invoker.java:583)
at org.testng.internal.Invoker.invokeTestMethod(Invoker.java:719)
at org.testng.internal.Invoker.invokeTestMethods(Invoker.java:989)
at org.testng.internal.TestMethodWorker.invokeTestMethods(TestMethodWorker.java:125)
at org.testng.internal.TestMethodWorker.run(TestMethodWorker.java:109)
at org.testng.TestRunner.privateRun(TestRunner.java:648)
at org.testng.TestRunner.run(TestRunner.java:505)
at org.testng.SuiteRunner.runTest(SuiteRunner.java:455)
at org.testng.SuiteRunner.runSequentially(SuiteRunner.java:450)
at org.testng.SuiteRunner.privateRun(SuiteRunner.java:415)
at org.testng.SuiteRunner.run(SuiteRunner.java:364)
at org.testng.SuiteRunnerWorker.runSuite(SuiteRunnerWorker.java:52)
at org.testng.SuiteRunnerWorker.run(SuiteRunnerWorker.java:84)
at org.testng.TestNG.runSuitesSequentially(TestNG.java:1208)
at org.testng.TestNG.runSuitesLocally(TestNG.java:1137)
at org.testng.TestNG.runSuites(TestNG.java:1049)
at org.testng.TestNG.run(TestNG.java:1017)
at org.testng.remote.AbstractRemoteTestNG.run(AbstractRemoteTestNG.java:114)
at org.testng.remote.RemoteTestNG.initAndRun(RemoteTestNG.java:251)
at org.testng.remote.RemoteTestNG.main(RemoteTestNG.java:77)
]]>
            </full-stacktrace>
          </exception> <!-- org.openqa.selenium.NoSuchElementException -->
          <reporter-output>
          </reporter-output>
        </test-method> <!-- tcs1 -->
        <test-method status="PASS" signature="startTime()[pri:0, instance:org.testng.Testing@4dfa3a9d]" name="startTime" is-config="true" duration-ms="0" started-at="2021-12-07T14:56:46Z" finished-at="2021-12-07T14:56:46Z">
          <reporter-output>
          </reporter-output>
        </test-method> <!-- startTime -->
        <test-method status="FAIL" signature="tcs1(java.lang.String, java.lang.String)[pri:0, instance:org.testng.Testing@4dfa3a9d]" name="tcs1" duration-ms="3589" started-at="2021-12-07T14:56:46Z" data-provider="CollectionData" finished-at="2021-12-07T14:56:49Z">
          <params>
            <param index="0">
              <value>
                <![CDATA[Yuvaraj]]>
              </value>
            </param>
            <param index="1">
              <value>
                <![CDATA[karthi@123]]>
              </value>
            </param>
          </params>
          <exception class="org.openqa.selenium.NoSuchElementException">
            <message>
              <![CDATA[Cannot locate an element using By.chained({By.id: email,By.xpath: //input[@type='text']})
For documentation on this error, please visit: https://www.seleniumhq.org/exceptions/no_such_element.html
Build info: version: '3.141.59', revision: 'e82be7d358', time: '2018-11-14T08:17:03'
System info: host: 'LENOVO', ip: '192.168.27.193', os.name: 'Windows 10', os.arch: 'amd64', os.version: '10.0', java.version: '1.8.0_301'
Driver info: driver.version: RemoteWebDriver]]>
            </message>
            <full-stacktrace>
              <![CDATA[org.openqa.selenium.NoSuchElementException: Cannot locate an element using By.chained({By.id: email,By.xpath: //input[@type='text']})
For documentation on this error, please visit: https://www.seleniumhq.org/exceptions/no_such_element.html
Build info: version: '3.141.59', revision: 'e82be7d358', time: '2018-11-14T08:17:03'
System info: host: 'LENOVO', ip: '192.168.27.193', os.name: 'Windows 10', os.arch: 'amd64', os.version: '10.0', java.version: '1.8.0_301'
Driver info: driver.version: RemoteWebDriver
at org.openqa.selenium.support.pagefactory.ByChained.findElement(ByChained.java:54)
at org.openqa.selenium.remote.RemoteWebDriver.findElement(RemoteWebDriver.java:315)
at org.openqa.selenium.support.pagefactory.DefaultElementLocator.findElement(DefaultElementLocator.java:69)
at org.openqa.selenium.support.pagefactory.internal.LocatingElementHandler.invoke(LocatingElementHandler.java:38)
at com.sun.proxy.$Proxy13.sendKeys(Unknown Source)
at org.utilities.BaseClass.passValue(BaseClass.java:81)
at org.testng.Testing.tcs1(Testing.java:49)
at sun.reflect.NativeMethodAccessorImpl.invoke0(Native Method)
at sun.reflect.NativeMethodAccessorImpl.invoke(Unknown Source)
at sun.reflect.DelegatingMethodAccessorImpl.invoke(Unknown Source)
at java.lang.reflect.Method.invoke(Unknown Source)
at org.testng.internal.MethodInvocationHelper.invokeMethod(MethodInvocationHelper.java:124)
at org.testng.internal.Invoker.invokeMethod(Invoker.java:583)
at org.testng.internal.Invoker.invokeTestMethod(Invoker.java:719)
at org.testng.internal.Invoker.invokeTestMethods(Invoker.java:989)
at org.testng.internal.TestMethodWorker.invokeTestMethods(TestMethodWorker.java:125)
at org.testng.internal.TestMethodWorker.run(TestMethodWorker.java:109)
at org.testng.TestRunner.privateRun(TestRunner.java:648)
at org.testng.TestRunner.run(TestRunner.java:505)
at org.testng.SuiteRunner.runTest(SuiteRunner.java:455)
at org.testng.SuiteRunner.runSequentially(SuiteRunner.java:450)
at org.testng.SuiteRunner.privateRun(SuiteRunner.java:415)
at org.testng.SuiteRunner.run(SuiteRunner.java:364)
at org.testng.SuiteRunnerWorker.runSuite(SuiteRunnerWorker.java:52)
at org.testng.SuiteRunnerWorker.run(SuiteRunnerWorker.java:84)
at org.testng.TestNG.runSuitesSequentially(TestNG.java:1208)
at org.testng.TestNG.runSuitesLocally(TestNG.java:1137)
at org.testng.TestNG.runSuites(TestNG.java:1049)
at org.testng.TestNG.run(TestNG.java:1017)
at org.testng.remote.AbstractRemoteTestNG.run(AbstractRemoteTestNG.java:114)
at org.testng.remote.RemoteTestNG.initAndRun(RemoteTestNG.java:251)
at org.testng.remote.RemoteTestNG.main(RemoteTestNG.java:77)
]]>
            </full-stacktrace>
          </exception> <!-- org.openqa.selenium.NoSuchElementException -->
          <reporter-output>
          </reporter-output>
        </test-method> <!-- tcs1 -->
        <test-method status="PASS" signature="endTime()[pri:0, instance:org.testng.Testing@4dfa3a9d]" name="endTime" is-config="true" duration-ms="0" started-at="2021-12-07T14:56:46Z" finished-at="2021-12-07T14:56:46Z">
          <reporter-output>
          </reporter-output>
        </test-method> <!-- endTime -->
        <test-method status="PASS" signature="endTime()[pri:0, instance:org.testng.Testing@4dfa3a9d]" name="endTime" is-config="true" duration-ms="0" started-at="2021-12-07T14:56:49Z" finished-at="2021-12-07T14:56:49Z">
          <reporter-output>
          </reporter-output>
        </test-method> <!-- endTime -->
        <test-method status="PASS" signature="closingChrome()[pri:0, instance:org.testng.Testing@4dfa3a9d]" name="closingChrome" is-config="true" duration-ms="0" started-at="2021-12-07T14:56:49Z" finished-at="2021-12-07T14:56:49Z">
          <reporter-output>
          </reporter-output>
        </test-method> <!-- closingChrome -->
      </class> <!-- org.testng.Testing -->
    </test> <!-- Default test -->
  </suite> <!-- Default suite -->
</testng-results>
